DEBUG 2025-12-03T12:25:54+0100 matplotlib data path: /home/kaiobach/Research/hu_hu_hu/sprint36/ifes/.py3.13.8/lib/python3.13/site-packages/matplotlib/mpl-data
DEBUG 2025-12-03T12:25:54+0100 CONFIGDIR=/home/kaiobach/.config/matplotlib
DEBUG 2025-12-03T12:25:54+0100 interactive is False
DEBUG 2025-12-03T12:25:54+0100 platform is linux
INFO 2025-12-03T12:25:54+0100 Note: NumExpr detected 32 cores but "NUMEXPR_MAX_THREADS" not set, so enforcing safe limit of 16.
INFO 2025-12-03T12:25:54+0100 NumExpr defaulting to 16 threads.
DEBUG 2025-12-03T12:25:54+0100 CACHEDIR=/home/kaiobach/.cache/matplotlib
DEBUG 2025-12-03T12:25:54+0100 Using fontManager instance from /home/kaiobach/.cache/matplotlib/fontlist-v390.json
DEBUG 2025-12-03T12:25:57+0100 /home/kaiobach/Research/hu_hu_hu/sprint36/ifes/ifes_apt_tc_data_modeling/examples/../tests/data/cameca_hfive/examples_with_provenance/R69_152985-v01_Top_Level_ROI.hdf5 is a supported Cameca HDF5 file.
INFO 2025-12-03T12:25:57+0100 range_1
DEBUG 2025-12-03T12:25:57+0100 Creating converter from 3 to 5
INFO 2025-12-03T12:25:57+0100 range_10
INFO 2025-12-03T12:25:57+0100 range_11
INFO 2025-12-03T12:25:57+0100 range_12
INFO 2025-12-03T12:25:57+0100 range_13
INFO 2025-12-03T12:25:57+0100 range_14
INFO 2025-12-03T12:25:57+0100 range_15
INFO 2025-12-03T12:25:57+0100 range_16
INFO 2025-12-03T12:25:57+0100 range_17
INFO 2025-12-03T12:25:57+0100 range_18
INFO 2025-12-03T12:25:57+0100 range_19
INFO 2025-12-03T12:25:57+0100 range_2
INFO 2025-12-03T12:25:57+0100 range_20
INFO 2025-12-03T12:25:57+0100 range_21
INFO 2025-12-03T12:25:57+0100 range_22
INFO 2025-12-03T12:25:57+0100 range_23
INFO 2025-12-03T12:25:57+0100 range_24
INFO 2025-12-03T12:25:57+0100 range_25
INFO 2025-12-03T12:25:57+0100 range_26
INFO 2025-12-03T12:25:57+0100 range_27
INFO 2025-12-03T12:25:57+0100 range_28
INFO 2025-12-03T12:25:57+0100 range_29
INFO 2025-12-03T12:25:57+0100 range_3
INFO 2025-12-03T12:25:58+0100 range_30
INFO 2025-12-03T12:25:58+0100 range_31
INFO 2025-12-03T12:25:58+0100 range_32
INFO 2025-12-03T12:25:58+0100 range_33
INFO 2025-12-03T12:25:58+0100 range_34
INFO 2025-12-03T12:25:58+0100 range_35
INFO 2025-12-03T12:25:58+0100 range_36
INFO 2025-12-03T12:25:58+0100 range_37
INFO 2025-12-03T12:25:58+0100 range_38
INFO 2025-12-03T12:25:58+0100 range_39
INFO 2025-12-03T12:25:58+0100 range_4
INFO 2025-12-03T12:25:58+0100 range_40
INFO 2025-12-03T12:25:58+0100 range_41
INFO 2025-12-03T12:25:58+0100 range_42
INFO 2025-12-03T12:25:58+0100 range_43
INFO 2025-12-03T12:25:58+0100 range_44
INFO 2025-12-03T12:25:58+0100 range_45
INFO 2025-12-03T12:25:58+0100 range_46
INFO 2025-12-03T12:25:58+0100 range_47
INFO 2025-12-03T12:25:58+0100 range_48
INFO 2025-12-03T12:25:58+0100 range_49
INFO 2025-12-03T12:25:58+0100 range_5
INFO 2025-12-03T12:25:58+0100 range_50
INFO 2025-12-03T12:25:58+0100 range_51
INFO 2025-12-03T12:25:58+0100 range_52
INFO 2025-12-03T12:25:58+0100 range_53
INFO 2025-12-03T12:25:58+0100 range_54
INFO 2025-12-03T12:25:58+0100 range_55
INFO 2025-12-03T12:25:58+0100 range_56
INFO 2025-12-03T12:25:58+0100 range_57
INFO 2025-12-03T12:25:58+0100 range_58
INFO 2025-12-03T12:25:58+0100 range_59
INFO 2025-12-03T12:25:58+0100 range_6
INFO 2025-12-03T12:25:58+0100 range_60
INFO 2025-12-03T12:25:58+0100 range_61
INFO 2025-12-03T12:25:58+0100 range_62
INFO 2025-12-03T12:25:58+0100 range_63
INFO 2025-12-03T12:25:58+0100 range_64
INFO 2025-12-03T12:25:58+0100 range_65
INFO 2025-12-03T12:25:58+0100 range_66
INFO 2025-12-03T12:25:58+0100 range_67
INFO 2025-12-03T12:25:58+0100 range_68
INFO 2025-12-03T12:25:58+0100 range_69
INFO 2025-12-03T12:25:58+0100 range_7
INFO 2025-12-03T12:25:58+0100 range_70
INFO 2025-12-03T12:25:58+0100 range_71
INFO 2025-12-03T12:25:58+0100 range_72
INFO 2025-12-03T12:25:59+0100 range_73
INFO 2025-12-03T12:25:59+0100 range_74
INFO 2025-12-03T12:25:59+0100 range_75
INFO 2025-12-03T12:25:59+0100 range_76
INFO 2025-12-03T12:25:59+0100 range_77
INFO 2025-12-03T12:25:59+0100 range_78
INFO 2025-12-03T12:25:59+0100 range_79
INFO 2025-12-03T12:25:59+0100 range_8
INFO 2025-12-03T12:25:59+0100 range_80
INFO 2025-12-03T12:25:59+0100 range_81
INFO 2025-12-03T12:25:59+0100 range_9
DEBUG 2025-12-03T12:25:59+0100 /home/kaiobach/Research/hu_hu_hu/sprint36/ifes/ifes_apt_tc_data_modeling/examples/../tests/data/cameca_hfive/examples_with_provenance/R69_152985-v01_Top_Level_ROI.hdf5 ranging definitions parsed successfully.
DEBUG 2025-12-03T12:25:59+0100 Creating converter from 5 to 3
DEBUG 2025-12-03T12:27:14+0100 MolecularIonBuilder initialized with 259 nuclides
DEBUG 2025-12-03T12:27:14+0100 Maximum recursion depth 4
DEBUG 2025-12-03T12:27:14+0100 [65338, 65288, 65288, 65288]
DEBUG 2025-12-03T12:27:14+0100 Found 40 candidates.
DEBUG 2025-12-03T12:27:14+0100 [21562  2056  2056  2056], 1, inf
DEBUG 2025-12-03T12:27:14+0100 [21050  2568  2056  2056], 1, inf
DEBUG 2025-12-03T12:27:14+0100 [21050  2312  2312  2056], 1, inf
DEBUG 2025-12-03T12:27:14+0100 [21050  2312  2056  2312], 1, inf
DEBUG 2025-12-03T12:27:14+0100 [21050  2312  2056  2056], 1, inf
DEBUG 2025-12-03T12:27:14+0100 [21050  2056  2568  2056], 1, inf
DEBUG 2025-12-03T12:27:14+0100 [21050  2056  2312  2312], 1, inf
DEBUG 2025-12-03T12:27:14+0100 [21050  2056  2312  2056], 1, inf
DEBUG 2025-12-03T12:27:14+0100 [21050  2056  2056  2568], 1, inf
DEBUG 2025-12-03T12:27:14+0100 [21050  2056  2056  2312], 1, inf
DEBUG 2025-12-03T12:27:14+0100 [21050  2056  2056  2056], 1, inf
DEBUG 2025-12-03T12:27:14+0100 [20538  2568  2568  2056], 1, inf
DEBUG 2025-12-03T12:27:14+0100 [20538  2568  2312  2312], 1, inf
DEBUG 2025-12-03T12:27:14+0100 [20538  2568  2312  2056], 1, inf
DEBUG 2025-12-03T12:27:14+0100 [20538  2568  2056  2568], 1, inf
DEBUG 2025-12-03T12:27:14+0100 [20538  2568  2056  2312], 1, inf
DEBUG 2025-12-03T12:27:14+0100 [20538  2568  2056  2056], 1, inf
DEBUG 2025-12-03T12:27:14+0100 [20538  2312  2568  2312], 1, inf
DEBUG 2025-12-03T12:27:14+0100 [20538  2312  2568  2056], 1, inf
DEBUG 2025-12-03T12:27:14+0100 [20538  2312  2312  2568], 1, inf
DEBUG 2025-12-03T12:27:14+0100 [20538  2312  2312  2312], 1, inf
DEBUG 2025-12-03T12:27:14+0100 [20538  2312  2312  2056], 1, inf
DEBUG 2025-12-03T12:27:14+0100 [20538  2312  2056  2568], 1, inf
DEBUG 2025-12-03T12:27:14+0100 [20538  2312  2056  2312], 1, inf
DEBUG 2025-12-03T12:27:14+0100 [20538  2056  2568  2568], 1, inf
DEBUG 2025-12-03T12:27:14+0100 [20538  2056  2568  2312], 1, inf
DEBUG 2025-12-03T12:27:14+0100 [20538  2056  2568  2056], 1, inf
DEBUG 2025-12-03T12:27:14+0100 [20538  2056  2312  2568], 1, inf
DEBUG 2025-12-03T12:27:14+0100 [20538  2056  2312  2312], 1, inf
DEBUG 2025-12-03T12:27:14+0100 [20538  2056  2056  2568], 1, inf
DEBUG 2025-12-03T12:27:14+0100 [20026  2568  2568  2568], 1, inf
DEBUG 2025-12-03T12:27:14+0100 [20026  2568  2568  2312], 1, inf
DEBUG 2025-12-03T12:27:14+0100 [20026  2568  2568  2056], 1, inf
DEBUG 2025-12-03T12:27:14+0100 [20026  2568  2312  2568], 1, inf
DEBUG 2025-12-03T12:27:14+0100 [20026  2568  2312  2312], 1, inf
DEBUG 2025-12-03T12:27:14+0100 [20026  2568  2056  2568], 1, inf
DEBUG 2025-12-03T12:27:14+0100 [20026  2312  2568  2568], 1, inf
DEBUG 2025-12-03T12:27:14+0100 [20026  2312  2568  2312], 1, inf
DEBUG 2025-12-03T12:27:14+0100 [20026  2312  2312  2568], 1, inf
DEBUG 2025-12-03T12:27:14+0100 [20026  2056  2568  2568], 1, inf
DEBUG 2025-12-03T12:27:14+0100 Reduce set of 40 candidates to a unique...
DEBUG 2025-12-03T12:27:14+0100 Reduced set to 15 relevant candidates...
DEBUG 2025-12-03T12:27:14+0100 21562_2056_2056_2056__1
DEBUG 2025-12-03T12:27:14+0100 21050_2568_2056_2056__1
DEBUG 2025-12-03T12:27:14+0100 21050_2312_2312_2056__1
DEBUG 2025-12-03T12:27:14+0100 21050_2312_2056_2056__1
DEBUG 2025-12-03T12:27:14+0100 21050_2056_2056_2056__1
DEBUG 2025-12-03T12:27:14+0100 20538_2568_2568_2056__1
DEBUG 2025-12-03T12:27:14+0100 20538_2568_2312_2312__1
DEBUG 2025-12-03T12:27:14+0100 20538_2568_2312_2056__1
DEBUG 2025-12-03T12:27:14+0100 20538_2568_2056_2056__1
DEBUG 2025-12-03T12:27:14+0100 20538_2312_2312_2312__1
DEBUG 2025-12-03T12:27:14+0100 20538_2312_2312_2056__1
DEBUG 2025-12-03T12:27:14+0100 20026_2568_2568_2568__1
DEBUG 2025-12-03T12:27:14+0100 20026_2568_2568_2312__1
DEBUG 2025-12-03T12:27:14+0100 20026_2568_2568_2056__1
DEBUG 2025-12-03T12:27:14+0100 20026_2568_2312_2312__1
INFO 2025-12-03T12:27:14+0100 Multiple relevant candidates meet all selection criteria.
DEBUG 2025-12-03T12:27:14+0100 Multiple relevant candidates have all the same charge_state 1
DEBUG 2025-12-03T12:28:15+0100 /home/kaiobach/Research/hu_hu_hu/sprint36/ifes/ifes_apt_tc_data_modeling/examples/../tests/data/cameca_hfive/examples_with_provenance/R69_152985-v01_Top_Level_ROI.hdf5 is a supported Cameca HDF5 file.
INFO 2025-12-03T12:28:15+0100 range_1
INFO 2025-12-03T12:28:15+0100 range_10
INFO 2025-12-03T12:28:15+0100 range_11
INFO 2025-12-03T12:28:15+0100 range_12
INFO 2025-12-03T12:28:15+0100 range_13
INFO 2025-12-03T12:28:15+0100 range_14
INFO 2025-12-03T12:28:15+0100 range_15
INFO 2025-12-03T12:28:15+0100 range_16
INFO 2025-12-03T12:28:15+0100 range_17
INFO 2025-12-03T12:28:15+0100 range_18
INFO 2025-12-03T12:28:16+0100 range_19
INFO 2025-12-03T12:28:16+0100 range_2
INFO 2025-12-03T12:28:16+0100 range_20
INFO 2025-12-03T12:28:16+0100 range_21
INFO 2025-12-03T12:28:16+0100 range_22
INFO 2025-12-03T12:28:16+0100 range_23
INFO 2025-12-03T12:28:16+0100 range_24
INFO 2025-12-03T12:28:16+0100 range_25
INFO 2025-12-03T12:28:16+0100 range_26
INFO 2025-12-03T12:28:16+0100 range_27
INFO 2025-12-03T12:28:16+0100 range_28
INFO 2025-12-03T12:28:16+0100 range_29
INFO 2025-12-03T12:28:16+0100 range_3
INFO 2025-12-03T12:28:16+0100 range_30
INFO 2025-12-03T12:28:16+0100 range_31
INFO 2025-12-03T12:28:16+0100 range_32
INFO 2025-12-03T12:28:16+0100 range_33
INFO 2025-12-03T12:28:16+0100 range_34
INFO 2025-12-03T12:28:16+0100 range_35
INFO 2025-12-03T12:28:16+0100 range_36
INFO 2025-12-03T12:28:16+0100 range_37
INFO 2025-12-03T12:28:16+0100 range_38
INFO 2025-12-03T12:28:16+0100 range_39
INFO 2025-12-03T12:28:16+0100 range_4
INFO 2025-12-03T12:28:16+0100 range_40
INFO 2025-12-03T12:28:16+0100 range_41
INFO 2025-12-03T12:28:16+0100 range_42
INFO 2025-12-03T12:28:16+0100 range_43
INFO 2025-12-03T12:28:16+0100 range_44
INFO 2025-12-03T12:28:16+0100 range_45
INFO 2025-12-03T12:28:16+0100 range_46
INFO 2025-12-03T12:28:16+0100 range_47
INFO 2025-12-03T12:28:16+0100 range_48
INFO 2025-12-03T12:28:16+0100 range_49
INFO 2025-12-03T12:28:16+0100 range_5
INFO 2025-12-03T12:28:16+0100 range_50
INFO 2025-12-03T12:28:16+0100 range_51
INFO 2025-12-03T12:28:16+0100 range_52
INFO 2025-12-03T12:28:16+0100 range_53
INFO 2025-12-03T12:28:16+0100 range_54
INFO 2025-12-03T12:28:16+0100 range_55
INFO 2025-12-03T12:28:16+0100 range_56
INFO 2025-12-03T12:28:16+0100 range_57
INFO 2025-12-03T12:28:16+0100 range_58
INFO 2025-12-03T12:28:16+0100 range_59
INFO 2025-12-03T12:28:17+0100 range_6
INFO 2025-12-03T12:28:17+0100 range_60
INFO 2025-12-03T12:28:17+0100 range_61
INFO 2025-12-03T12:28:17+0100 range_62
INFO 2025-12-03T12:28:17+0100 range_63
INFO 2025-12-03T12:28:17+0100 range_64
INFO 2025-12-03T12:28:17+0100 range_65
INFO 2025-12-03T12:28:17+0100 range_66
INFO 2025-12-03T12:28:17+0100 range_67
INFO 2025-12-03T12:28:17+0100 range_68
INFO 2025-12-03T12:28:17+0100 range_69
INFO 2025-12-03T12:28:17+0100 range_7
INFO 2025-12-03T12:28:17+0100 range_70
INFO 2025-12-03T12:28:17+0100 range_71
INFO 2025-12-03T12:28:17+0100 range_72
INFO 2025-12-03T12:28:17+0100 range_73
INFO 2025-12-03T12:28:17+0100 range_74
INFO 2025-12-03T12:28:17+0100 range_75
INFO 2025-12-03T12:28:17+0100 range_76
INFO 2025-12-03T12:28:17+0100 range_77
INFO 2025-12-03T12:28:17+0100 range_78
INFO 2025-12-03T12:28:17+0100 range_79
INFO 2025-12-03T12:28:17+0100 range_8
INFO 2025-12-03T12:28:17+0100 range_80
INFO 2025-12-03T12:28:17+0100 range_81
INFO 2025-12-03T12:28:17+0100 range_9
DEBUG 2025-12-03T12:28:17+0100 /home/kaiobach/Research/hu_hu_hu/sprint36/ifes/ifes_apt_tc_data_modeling/examples/../tests/data/cameca_hfive/examples_with_provenance/R69_152985-v01_Top_Level_ROI.hdf5 ranging definitions parsed successfully.
